[debug] [2024-10-03T08:25:52.898Z] ----------------------------------------------------------------------
[debug] [2024-10-03T08:25:52.899Z] Command:       C:\Program Files\nodejs\node.exe C:\Users\Acer\AppData\Roaming\npm\node_modules\firebase-tools\lib\bin\firebase.js init
[debug] [2024-10-03T08:25:52.900Z] CLI Version:   13.20.2
[debug] [2024-10-03T08:25:52.900Z] Platform:      win32
[debug] [2024-10-03T08:25:52.900Z] Node Version:  v21.5.0
[debug] [2024-10-03T08:25:52.900Z] Time:          Thu Oct 03 2024 14:10:52 GMT+0545 (Nepal Time)
[debug] [2024-10-03T08:25:52.900Z] ----------------------------------------------------------------------
[debug] 
[debug] [2024-10-03T08:25:52.904Z] > command requires scopes: ["email","openid","https://www.googleapis.com/auth/cloudplatformprojects.readonly","https://www.googleapis.com/auth/firebase","https://www.googleapis.com/auth/cloud-platform"]
[debug] [2024-10-03T08:25:52.905Z] > authorizing via signed-in user (robin86nayak@gmail.com)
[info] 
     ######## #### ########  ######## ########     ###     ######  ########
     ##        ##  ##     ## ##       ##     ##  ##   ##  ##       ##
     ######    ##  ########  ######   ########  #########  ######  ######
     ##        ##  ##    ##  ##       ##     ## ##     ##       ## ##
     ##       #### ##     ## ######## ########  ##     ##  ######  ########

You're about to initialize a Firebase project in this directory:

  D:\AfterEngineering\rent project\rent

[info] 
=== Project Setup
[info] 
[info] First, let's associate this project directory with a Firebase project.
[info] You can create multiple project aliases by running firebase use --add, 
[info] but for now we'll just set up a default project.
[info] 
[debug] [2024-10-03T08:26:19.033Z] Checked if tokens are valid: true, expires at: 1727947481699
[debug] [2024-10-03T08:26:19.033Z] Checked if tokens are valid: true, expires at: 1727947481699
[debug] [2024-10-03T08:26:19.034Z] >>> [apiv2][query] GET https://firebase.googleapis.com/v1beta1/projects pageSize=100
[debug] [2024-10-03T08:26:19.953Z] <<< [apiv2][status] GET https://firebase.googleapis.com/v1beta1/projects 200
[debug] [2024-10-03T08:26:19.953Z] <<< [apiv2][body] GET https://firebase.googleapis.com/v1beta1/projects [omitted]
[info] i  Using project rentlink-5e93b (rentlink) 
[info] 
=== Hosting Setup
[debug] [2024-10-03T08:26:36.763Z] Checked if tokens are valid: true, expires at: 1727947481699
[debug] [2024-10-03T08:26:36.763Z] Checked if tokens are valid: true, expires at: 1727947481699
[debug] [2024-10-03T08:26:36.764Z] >>> [apiv2][query] GET https://firebase.googleapis.com/v1beta1/projects/rentlink-5e93b [none]
[debug] [2024-10-03T08:26:37.294Z] <<< [apiv2][status] GET https://firebase.googleapis.com/v1beta1/projects/rentlink-5e93b 200
[debug] [2024-10-03T08:26:37.294Z] <<< [apiv2][body] GET https://firebase.googleapis.com/v1beta1/projects/rentlink-5e93b {"projectId":"rentlink-5e93b","projectNumber":"819159970091","displayName":"rentlink","name":"projects/rentlink-5e93b","resources":{"hostingSite":"rentlink-5e93b"},"state":"ACTIVE","etag":"1_0798c600-d6b3-4409-b644-e5b5bdbe85fe"}
[info] 
[info] Your public directory is the folder (relative to your project directory) that
[info] will contain Hosting assets to be uploaded with firebase deploy. If you
[info] have a build process for your assets, use your build's output directory.
[info] 
